<?xml version="1.0" encoding="UTF-8"?>
<!-- Generated by org.testng.reporters.JUnitReportReporter -->
<testsuite skipped="0" hostname="L9AGL57" name="com.crm.qa.testcases.LoginPageTest" tests="3" failures="0" timestamp="08 May 2019 06:06:27 GMT" time="95.872" errors="0">
  <testcase name="loginPageTitleTest" time="31.002" classname="com.crm.qa.testcases.LoginPageTest"/>
  <testcase name="crmLogoImageTest" time="32.339" classname="com.crm.qa.testcases.LoginPageTest"/>
  <testcase name="loginTest" time="32.531" classname="com.crm.qa.testcases.LoginPageTest"/>
</testsuite> <!-- com.crm.qa.testcases.LoginPageTest -->
