<?xml version="1.0" encoding="UTF-8"?>
<!-- Generated by org.testng.reporters.JUnitReportReporter -->
<testsuite skipped="0" hostname="L9AGL57" name="com.crm.qa.testcases.LoginPageTest" tests="3" failures="0" timestamp="08 May 2019 08:54:38 GMT" time="84.695" errors="0">
  <testcase name="loginPageTitleTest" time="25.606" classname="com.crm.qa.testcases.LoginPageTest"/>
  <testcase name="crmLogoImageTest" time="23.271" classname="com.crm.qa.testcases.LoginPageTest"/>
  <testcase name="loginTest" time="35.818" classname="com.crm.qa.testcases.LoginPageTest"/>
</testsuite> <!-- com.crm.qa.testcases.LoginPageTest -->
